2024-09-20 11:45:48 INFO  o.h.validator.internal.util.Version - HV000001: Hibernate Validator 8.0.1.Final
2024-09-20 11:45:48 INFO  c.g.s.SimbirHospitalServiceApplication - Starting SimbirHospitalServiceApplication using Java 17.0.10 with PID 32092 (C:\Users\eljan\IdeaProjects\simbir_hospital_service\build\classes\java\main started by eljan in C:\Users\eljan\IdeaProjects\simbir_hospital_service)
2024-09-20 11:45:48 INFO  c.g.s.SimbirHospitalServiceApplication - No active profile set, falling back to 1 default profile: "default"
2024-09-20 11:45:48 INFO  o.s.d.r.c.RepositoryConfigurationDelegate - Multiple Spring Data modules found, entering strict repository configuration mode
2024-09-20 11:45:48 INFO  o.s.d.r.c.RepositoryConfigurationDelegate - Bootstrapping Spring Data JDBC repositories in DEFAULT mode.
2024-09-20 11:45:48 INFO  o.s.d.r.c.RepositoryConfigurationExtensionSupport - Spring Data JDBC - Could not safely identify store assignment for repository candidate interface com.github.simbir_hospital_service.repository.HospitalRepository; If you want this repository to be a JDBC repository, consider annotating your entities with one of these annotations: org.springframework.data.relational.core.mapping.Table.
2024-09-20 11:45:48 INFO  o.s.d.r.c.RepositoryConfigurationDelegate - Finished Spring Data repository scanning in 27 ms. Found 0 JDBC repository interfaces.
2024-09-20 11:45:48 INFO  o.s.d.r.c.RepositoryConfigurationDelegate - Multiple Spring Data modules found, entering strict repository configuration mode
2024-09-20 11:45:48 INFO  o.s.d.r.c.RepositoryConfigurationDelegate - Bootstrapping Spring Data JPA repositories in DEFAULT mode.
2024-09-20 11:45:48 INFO  o.s.d.r.c.RepositoryConfigurationDelegate - Finished Spring Data repository scanning in 21 ms. Found 1 JPA repository interface.
2024-09-20 11:45:49 INFO  o.s.cloud.context.scope.GenericScope - BeanFactory id=a0ebb3e1-7238-36bc-9798-083ae0bb5af0
2024-09-20 11:45:49 INFO  o.s.b.w.e.tomcat.TomcatWebServer - Tomcat initialized with port 9080 (http)
2024-09-20 11:45:49 INFO  o.a.coyote.http11.Http11NioProtocol - Initializing ProtocolHandler ["http-nio-9080"]
2024-09-20 11:45:49 INFO  o.a.catalina.core.StandardService - Starting service [Tomcat]
2024-09-20 11:45:49 INFO  o.a.catalina.core.StandardEngine - Starting Servlet engine: [Apache Tomcat/10.1.28]
2024-09-20 11:45:49 INFO  o.a.c.c.C.[Tomcat].[localhost].[/] - Initializing Spring embedded WebApplicationContext
2024-09-20 11:45:49 INFO  o.s.b.w.s.c.ServletWebServerApplicationContext - Root WebApplicationContext: initialization completed in 1410 ms
2024-09-20 11:45:49 WARN  o.s.b.a.o.j.JpaBaseConfiguration$JpaWebConfiguration - spring.jpa.open-in-view is enabled by default. Therefore, database queries may be performed during view rendering. Explicitly configure spring.jpa.open-in-view to disable this warning
2024-09-20 11:45:49 INFO  com.zaxxer.hikari.HikariDataSource - HikariPool-1 - Starting...
2024-09-20 11:45:50 INFO  com.zaxxer.hikari.pool.HikariPool - HikariPool-1 - Added connection org.postgresql.jdbc.PgConnection@146f3d22
2024-09-20 11:45:50 INFO  com.zaxxer.hikari.HikariDataSource - HikariPool-1 - Start completed.
2024-09-20 11:45:50 INFO  liquibase.changelog - Reading from public.databasechangelog
2024-09-20 11:45:50 INFO  liquibase.ui - Database is up to date, no changesets to execute
2024-09-20 11:45:50 INFO  liquibase.changelog - Reading from public.databasechangelog
2024-09-20 11:45:50 INFO  liquibase.util - UPDATE SUMMARY
2024-09-20 11:45:50 INFO  liquibase.util - Run:                          0
2024-09-20 11:45:50 INFO  liquibase.util - Previously run:               1
2024-09-20 11:45:50 INFO  liquibase.util - Filtered out:                 0
2024-09-20 11:45:50 INFO  liquibase.util - -------------------------------
2024-09-20 11:45:50 INFO  liquibase.util - Total change sets:            1
2024-09-20 11:45:50 INFO  liquibase.util - Update summary generated
2024-09-20 11:45:50 INFO  liquibase.lockservice - Successfully released change log lock
2024-09-20 11:45:50 INFO  liquibase.command - Command execution complete
2024-09-20 11:45:50 INFO  o.h.jpa.internal.util.LogHelper - HHH000204: Processing PersistenceUnitInfo [name: default]
2024-09-20 11:45:50 INFO  org.hibernate.Version - HHH000412: Hibernate ORM core version 6.5.2.Final
2024-09-20 11:45:50 INFO  o.h.c.i.RegionFactoryInitiator - HHH000026: Second-level cache disabled
2024-09-20 11:45:50 INFO  o.s.o.j.p.SpringPersistenceUnitInfo - No LoadTimeWeaver setup: ignoring JPA class transformer
2024-09-20 11:45:50 WARN  org.hibernate.orm.deprecation - HHH90000025: PostgreSQLDialect does not need to be specified explicitly using 'hibernate.dialect' (remove the property setting and it will be selected by default)
2024-09-20 11:45:51 INFO  o.h.e.t.j.p.i.JtaPlatformInitiator - HHH000489: No JTA platform available (set 'hibernate.transaction.jta.platform' to enable JTA platform integration)
2024-09-20 11:45:51 INFO  o.s.o.j.LocalContainerEntityManagerFactoryBean - Initialized JPA EntityManagerFactory for persistence unit 'default'
2024-09-20 11:45:51 INFO  c.g.s.config.WebConfig - Registering TokenValidationInterceptor
2024-09-20 11:45:52 WARN  o.s.b.a.s.s.UserDetailsServiceAutoConfiguration - 

Using generated security password: 48e746c2-3fc0-453f-8837-ffba13ddc2b4

This generated password is for development use only. Your security configuration must be updated before running your application in production.

2024-09-20 11:45:52 INFO  o.s.s.c.a.a.c.InitializeUserDetailsBeanManagerConfigurer$InitializeUserDetailsManagerConfigurer - Global AuthenticationManager configured with UserDetailsService bean with name inMemoryUserDetailsManager
2024-09-20 11:45:52 INFO  o.a.coyote.http11.Http11NioProtocol - Starting ProtocolHandler ["http-nio-9080"]
2024-09-20 11:45:52 INFO  o.s.b.w.e.tomcat.TomcatWebServer - Tomcat started on port 9080 (http) with context path '/'
2024-09-20 11:45:52 INFO  c.g.s.SimbirHospitalServiceApplication - Started SimbirHospitalServiceApplication in 5.264 seconds (process running for 5.917)
2024-09-20 11:46:08 INFO  o.a.c.c.C.[Tomcat].[localhost].[/] - Initializing Spring DispatcherServlet 'dispatcherServlet'
2024-09-20 11:46:08 INFO  o.s.web.servlet.DispatcherServlet - Initializing Servlet 'dispatcherServlet'
2024-09-20 11:46:08 INFO  o.s.web.servlet.DispatcherServlet - Completed initialization in 2 ms
2024-09-20 11:46:28 INFO  o.s.o.j.LocalContainerEntityManagerFactoryBean - Closing JPA EntityManagerFactory for persistence unit 'default'
2024-09-20 11:46:28 INFO  com.zaxxer.hikari.HikariDataSource - HikariPool-1 - Shutdown initiated...
2024-09-20 11:46:28 INFO  com.zaxxer.hikari.HikariDataSource - HikariPool-1 - Shutdown completed.
2024-09-20 11:49:58 INFO  o.h.validator.internal.util.Version - HV000001: Hibernate Validator 8.0.1.Final
2024-09-20 11:49:58 INFO  c.g.s.SimbirHospitalServiceApplication - Starting SimbirHospitalServiceApplication using Java 17.0.10 with PID 18248 (C:\Users\eljan\IdeaProjects\simbir_hospital_service\build\classes\java\main started by eljan in C:\Users\eljan\IdeaProjects\simbir_hospital_service)
2024-09-20 11:49:58 INFO  c.g.s.SimbirHospitalServiceApplication - No active profile set, falling back to 1 default profile: "default"
2024-09-20 11:49:59 INFO  o.s.d.r.c.RepositoryConfigurationDelegate - Multiple Spring Data modules found, entering strict repository configuration mode
2024-09-20 11:49:59 INFO  o.s.d.r.c.RepositoryConfigurationDelegate - Bootstrapping Spring Data JDBC repositories in DEFAULT mode.
2024-09-20 11:49:59 INFO  o.s.d.r.c.RepositoryConfigurationExtensionSupport - Spring Data JDBC - Could not safely identify store assignment for repository candidate interface com.github.simbir_hospital_service.repository.HospitalRepository; If you want this repository to be a JDBC repository, consider annotating your entities with one of these annotations: org.springframework.data.relational.core.mapping.Table.
2024-09-20 11:49:59 INFO  o.s.d.r.c.RepositoryConfigurationDelegate - Finished Spring Data repository scanning in 26 ms. Found 0 JDBC repository interfaces.
2024-09-20 11:49:59 INFO  o.s.d.r.c.RepositoryConfigurationDelegate - Multiple Spring Data modules found, entering strict repository configuration mode
2024-09-20 11:49:59 INFO  o.s.d.r.c.RepositoryConfigurationDelegate - Bootstrapping Spring Data JPA repositories in DEFAULT mode.
2024-09-20 11:49:59 INFO  o.s.d.r.c.RepositoryConfigurationDelegate - Finished Spring Data repository scanning in 20 ms. Found 1 JPA repository interface.
2024-09-20 11:49:59 INFO  o.s.cloud.context.scope.GenericScope - BeanFactory id=4cac3d15-fa7e-3310-8ae6-70590ff349dd
2024-09-20 11:49:59 INFO  o.s.b.w.e.tomcat.TomcatWebServer - Tomcat initialized with port 9080 (http)
2024-09-20 11:49:59 INFO  o.a.coyote.http11.Http11NioProtocol - Initializing ProtocolHandler ["http-nio-9080"]
2024-09-20 11:49:59 INFO  o.a.catalina.core.StandardService - Starting service [Tomcat]
2024-09-20 11:49:59 INFO  o.a.catalina.core.StandardEngine - Starting Servlet engine: [Apache Tomcat/10.1.28]
2024-09-20 11:49:59 INFO  o.a.c.c.C.[Tomcat].[localhost].[/] - Initializing Spring embedded WebApplicationContext
2024-09-20 11:49:59 INFO  o.s.b.w.s.c.ServletWebServerApplicationContext - Root WebApplicationContext: initialization completed in 1318 ms
2024-09-20 11:50:00 WARN  o.s.b.a.o.j.JpaBaseConfiguration$JpaWebConfiguration - spring.jpa.open-in-view is enabled by default. Therefore, database queries may be performed during view rendering. Explicitly configure spring.jpa.open-in-view to disable this warning
2024-09-20 11:50:00 INFO  com.zaxxer.hikari.HikariDataSource - HikariPool-1 - Starting...
2024-09-20 11:50:00 INFO  com.zaxxer.hikari.pool.HikariPool - HikariPool-1 - Added connection org.postgresql.jdbc.PgConnection@52657d5f
2024-09-20 11:50:00 INFO  com.zaxxer.hikari.HikariDataSource - HikariPool-1 - Start completed.
2024-09-20 11:50:00 INFO  liquibase.changelog - Reading from public.databasechangelog
2024-09-20 11:50:00 INFO  liquibase.ui - Database is up to date, no changesets to execute
2024-09-20 11:50:00 INFO  liquibase.changelog - Reading from public.databasechangelog
2024-09-20 11:50:00 INFO  liquibase.util - UPDATE SUMMARY
2024-09-20 11:50:00 INFO  liquibase.util - Run:                          0
2024-09-20 11:50:00 INFO  liquibase.util - Previously run:               1
2024-09-20 11:50:00 INFO  liquibase.util - Filtered out:                 0
2024-09-20 11:50:00 INFO  liquibase.util - -------------------------------
2024-09-20 11:50:00 INFO  liquibase.util - Total change sets:            1
2024-09-20 11:50:00 INFO  liquibase.util - Update summary generated
2024-09-20 11:50:00 INFO  liquibase.lockservice - Successfully released change log lock
2024-09-20 11:50:00 INFO  liquibase.command - Command execution complete
2024-09-20 11:50:00 INFO  o.h.jpa.internal.util.LogHelper - HHH000204: Processing PersistenceUnitInfo [name: default]
2024-09-20 11:50:00 INFO  org.hibernate.Version - HHH000412: Hibernate ORM core version 6.5.2.Final
2024-09-20 11:50:00 INFO  o.h.c.i.RegionFactoryInitiator - HHH000026: Second-level cache disabled
2024-09-20 11:50:01 INFO  o.s.o.j.p.SpringPersistenceUnitInfo - No LoadTimeWeaver setup: ignoring JPA class transformer
2024-09-20 11:50:01 WARN  org.hibernate.orm.deprecation - HHH90000025: PostgreSQLDialect does not need to be specified explicitly using 'hibernate.dialect' (remove the property setting and it will be selected by default)
2024-09-20 11:50:01 INFO  o.h.e.t.j.p.i.JtaPlatformInitiator - HHH000489: No JTA platform available (set 'hibernate.transaction.jta.platform' to enable JTA platform integration)
2024-09-20 11:50:01 INFO  o.s.o.j.LocalContainerEntityManagerFactoryBean - Initialized JPA EntityManagerFactory for persistence unit 'default'
2024-09-20 11:50:02 INFO  c.g.s.config.WebConfig - Registering TokenValidationInterceptor
2024-09-20 11:50:02 WARN  o.s.b.a.s.s.UserDetailsServiceAutoConfiguration - 

Using generated security password: b83d6ae3-87cf-4d06-ad05-4d0071088409

This generated password is for development use only. Your security configuration must be updated before running your application in production.

2024-09-20 11:50:02 INFO  o.s.s.c.a.a.c.InitializeUserDetailsBeanManagerConfigurer$InitializeUserDetailsManagerConfigurer - Global AuthenticationManager configured with UserDetailsService bean with name inMemoryUserDetailsManager
2024-09-20 11:50:02 INFO  o.a.coyote.http11.Http11NioProtocol - Starting ProtocolHandler ["http-nio-9080"]
2024-09-20 11:50:02 INFO  o.s.b.w.e.tomcat.TomcatWebServer - Tomcat started on port 9080 (http) with context path '/'
2024-09-20 11:50:03 INFO  c.g.s.SimbirHospitalServiceApplication - Started SimbirHospitalServiceApplication in 5.1 seconds (process running for 5.755)
2024-09-20 11:50:08 INFO  o.a.c.c.C.[Tomcat].[localhost].[/] - Initializing Spring DispatcherServlet 'dispatcherServlet'
2024-09-20 11:50:08 INFO  o.s.web.servlet.DispatcherServlet - Initializing Servlet 'dispatcherServlet'
2024-09-20 11:50:08 INFO  o.s.web.servlet.DispatcherServlet - Completed initialization in 2 ms
2024-09-20 11:50:25 INFO  o.s.o.j.LocalContainerEntityManagerFactoryBean - Closing JPA EntityManagerFactory for persistence unit 'default'
2024-09-20 11:50:25 INFO  com.zaxxer.hikari.HikariDataSource - HikariPool-1 - Shutdown initiated...
2024-09-20 11:50:25 INFO  com.zaxxer.hikari.HikariDataSource - HikariPool-1 - Shutdown completed.
